<?xml version="1.0" encoding="UTF-8"?>
<testsuite xmlns:xsi="http://www.w3.org/2001/XMLSchema-instance" xsi:noNamespaceSchemaLocation="https://maven.apache.org/surefire/maven-surefire-plugin/xsd/surefire-test-report.xsd" name="ajplarson.cribbage.ScoreTest" time="0.015" tests="7" errors="0" skipped="0" failures="0">
  <properties>
[...]
</properties>
  <testcase name="testGetPairs" classname="ajplarson.cribbage.ScoreTest" time="0.004"/>
  <testcase name="testScoreHand20" classname="ajplarson.cribbage.ScoreTest" time="0.001"/>
  <testcase name="testScoreHand8" classname="ajplarson.cribbage.ScoreTest" time="0.001"/>
  <testcase name="testRunsScore11123" classname="ajplarson.cribbage.ScoreTest" time="0"/>
  <testcase name="testRunsScore12233" classname="ajplarson.cribbage.ScoreTest" time="0.001"/>
  <testcase name="testRunsScore14567" classname="ajplarson.cribbage.ScoreTest" time="0.001"/>
  <testcase name="testRunsScore34567" classname="ajplarson.cribbage.ScoreTest" time="0.001"/>
</testsuite>