<?xml version="1.0" encoding="UTF-8" ?>
<testsuite tests="4" failures="1" name="ajplarson.cribbage.ScoreTest" time="0.015" errors="0" skipped="0">
  <properties>
[...]
</properties>
  <testcase classname="ajplarson.cribbage.ScoreTest" name="ajplarson.cribbage.ScoreTest.testRunsScore" time="0.015">
    <failure message="expected: &lt;4&gt; but was: &lt;10&gt;" type="org.opentest4j.AssertionFailedError">org.opentest4j.AssertionFailedError: expected: &lt;4&gt; but was: &lt;10&gt;
	at org.junit.jupiter.api.AssertionUtils.fail(AssertionUtils.java:54)
	at org.junit.jupiter.api.AssertEquals.failNotEqual(AssertEquals.java:195)
	at org.junit.jupiter.api.AssertEquals.assertEquals(AssertEquals.java:152)
	at org.junit.jupiter.api.AssertEquals.assertEquals(AssertEquals.java:147)
	at org.junit.jupiter.api.Assertions.assertEquals(Assertions.java:327)
	at ajplarson.cribbage.ScoreTest.testRunsScore(ScoreTest.java:53)
</failure>
  </testcase>
  <testcase classname="ajplarson.cribbage.ScoreTest" name="ajplarson.cribbage.ScoreTest.testScoreHand8" time="0"/>
  <testcase classname="ajplarson.cribbage.ScoreTest" name="ajplarson.cribbage.ScoreTest.testGetPairs" time="0"/>
  <testcase classname="ajplarson.cribbage.ScoreTest" name="ajplarson.cribbage.ScoreTest.testScoreHand20" time="0"/>
</testsuite>